npm WARN EBADENGINE Unsupported engine {
npm WARN EBADENGINE   package: 'react-router@7.9.3',
npm WARN EBADENGINE   required: { node: '>=20.0.0' },
npm WARN EBADENGINE   current: { node: 'v18.19.1', npm: '9.2.0' }
npm WARN EBADENGINE }
npm WARN EBADENGINE Unsupported engine {
npm WARN EBADENGINE   package: 'react-router-dom@7.9.3',
npm WARN EBADENGINE   required: { node: '>=20.0.0' },
npm WARN EBADENGINE   current: { node: 'v18.19.1', npm: '9.2.0' }
npm WARN EBADENGINE }
npm ERR! code 1
npm ERR! path /home/svvd/projects/dev/webcomp/frontend/node_modules/esbuild
npm ERR! command failed
npm ERR! command sh -c node install.js
npm ERR! node:internal/errors:496
npm ERR!     ErrorCaptureStackTrace(err);
npm ERR!     ^
npm ERR! 
npm ERR! <ref *1> Error: spawnSync /home/svvd/projects/dev/webcomp/frontend/node_modules/esbuild/bin/esbuild EPERM
npm ERR!     at Object.spawnSync (node:internal/child_process:1117:20)
npm ERR!     at spawnSync (node:child_process:876:24)
npm ERR!     at Object.execFileSync (node:child_process:919:15)
npm ERR!     at validateBinaryVersion (/home/svvd/projects/dev/webcomp/frontend/node_modules/esbuild/install.js:99:28)
npm ERR!     at /home/svvd/projects/dev/webcomp/frontend/node_modules/esbuild/install.js:283:5 {
npm ERR!   errno: -1,
npm ERR!   code: 'EPERM',
npm ERR!   syscall: 'spawnSync /home/svvd/projects/dev/webcomp/frontend/node_modules/esbuild/bin/esbuild',
npm ERR!   path: '/home/svvd/projects/dev/webcomp/frontend/node_modules/esbuild/bin/esbuild',
npm ERR!   spawnargs: [ '--version' ],
npm ERR!   error: [Circular *1],
npm ERR!   status: 0,
npm ERR!   signal: null,
npm ERR!   output: [
npm ERR!     null,
npm ERR!     Buffer(7) [Uint8Array] [
npm ERR!       48, 46, 50, 49,
npm ERR!       46, 53, 10
npm ERR!     ],
npm ERR!     Buffer(0) [Uint8Array] []
npm ERR!   ],
npm ERR!   pid: 7850,
npm ERR!   stdout: Buffer(7) [Uint8Array] [
npm ERR!     48, 46, 50, 49,
npm ERR!     46, 53, 10
npm ERR!   ],
npm ERR!   stderr: Buffer(0) [Uint8Array] []
npm ERR! }
npm ERR! 
npm ERR! Node.js v18.19.1

npm ERR! Log files were not written due to an error writing to the directory: /home/svvd/.npm/_logs
npm ERR! You can rerun the command with `--loglevel=verbose` to see the logs in your terminal
